


ARM Macro Assembler    Page 1 


    1 00000000         
    2 00000000                 thumb
    3 00000000                 area             moncode, code, readwrite
    4 00000000                 export           calculIm
    5 00000000                 import           TabCos
    6 00000000                 import           TabSin
    7 00000000                 import           TabSig
    8 00000000         calculIm
                               proc
    9 00000000 B500            push             {lr}
   10 00000002 B401            push             {r0}
   11 00000004         ; r0 contiendra k
   12 00000004 F7FF FFFE       bl               calculSin
   13 00000008 BC01            pop              {r0}
   14 0000000A F8C0 C000       str              r12, [r0]
   15 0000000E BD00            pop              {pc}
   16 00000010                 endp
   17 00000010         
   18 00000010         calculSin
                               proc
   19 00000010 B410            push             {r4}
   20 00000012 B420            push             {r5}
   21 00000014 B440            push             {r6}
   22 00000016 B480            push             {r7}
   23 00000018         ; r0 @ signal origine
   24 00000018 480C            ldr              r0, =TabSig
   25 0000001A         ; r1 valeur de k
   26 0000001A         ; r2 adresse de la table
   27 0000001A 4A0D            ldr              r2, =TabSin
   28 0000001C         ; i est stocke en r3 : 
   29 0000001C F04F 0300       mov              r3, #0x0
   30 00000020         ; le resultat sera stocke dans r12
   31 00000020 F04F 0C00       mov              r12, #0x0
   32 00000024         
   33 00000024 FB01 F603 
                       debutBclSin
                               mul              r6, r1, r3
   34 00000028         ; on ramène ik dans la plage [0;64-1]
   35 00000028 F006 063F       and              r6, r6, #63
   36 0000002C         ; on se décale jusqu'à l'indice désiré (arg angle)
   37 0000002C F932 4016       ldrsh            r4, [r2, r6, LSL #1] ; r4 conti
                                                            ent le sin(ik2pi/N)
                                                            
   38 00000030         ; on multiplie par l'échantillon
   39 00000030 F930 5013       ldrsh            r5, [r0, r3, LSL #1] 
                                                            ; r5 contient x(i)
   40 00000034 FBC4 7C05       smlal            r7, r12, r4, r5 ; on multiplie 
                                                            et on ajoute le res
                                                            ultat aux precedant
                                                            s
   41 00000038 46BC            mov              r12, r7
   42 0000003A         ; on incremente le pas et on retourne au debut si i est 
                       inferieur à N
   43 0000003A F103 0301       add              r3, #1
   44 0000003E 2B40            cmp              r3, #64
   45 00000040 D1F0            bne              debutBclSin
   46 00000042         ; sub #0, r12 ; on ajoute le -
   47 00000042         ; la valeur de retour est en r12
   48 00000042 BC80            pop              {r7}



ARM Macro Assembler    Page 2 


   49 00000044 BC40            pop              {r6}
   50 00000046 BC20            pop              {r5}
   51 00000048 BC10            pop              {r4}
   52 0000004A 4770            bx               lr
   53 0000004C                 endp
   54 0000004C                 end
              00000000 
              00000000 
Command Line: --debug --xref --diag_suppress=9931 --cpu=Cortex-M3 --apcs=interw
ork --depend=.\obj\calcul.d -o.\obj\calcul.o -I.\RTE\_Simu -IC:\Users\elies\App
Data\Local\Arm\Packs\ARM\CMSIS\5.6.0\CMSIS\Core\Include -IC:\Users\elies\AppDat
a\Local\Arm\Packs\Keil\STM32F1xx_DFP\2.3.0\Device\Include --predefine="__EVAL S
ETA 1" --predefine="__MICROLIB SETA 1" --predefine="__UVISION_VERSION SETA 529"
 --predefine="_RTE_ SETA 1" --predefine="STM32F10X_MD SETA 1" --list=calcul.lst
 Calcul.s



ARM Macro Assembler    Page 1 Alphabetic symbol ordering
Relocatable symbols

calculIm 00000000

Symbol: calculIm
   Definitions
      At line 8 in file Calcul.s
   Uses
      At line 4 in file Calcul.s
Comment: calculIm used once
calculSin 00000010

Symbol: calculSin
   Definitions
      At line 18 in file Calcul.s
   Uses
      At line 12 in file Calcul.s
Comment: calculSin used once
debutBclSin 00000024

Symbol: debutBclSin
   Definitions
      At line 33 in file Calcul.s
   Uses
      At line 45 in file Calcul.s
Comment: debutBclSin used once
moncode 00000000

Symbol: moncode
   Definitions
      At line 3 in file Calcul.s
   Uses
      None
Comment: moncode unused
4 symbols



ARM Macro Assembler    Page 1 Alphabetic symbol ordering
External symbols

TabCos 00000000

Symbol: TabCos
   Definitions
      At line 5 in file Calcul.s
   Uses
      None
Comment: TabCos unused
TabSig 00000000

Symbol: TabSig
   Definitions
      At line 7 in file Calcul.s
   Uses
      At line 24 in file Calcul.s
Comment: TabSig used once
TabSin 00000000

Symbol: TabSin
   Definitions
      At line 6 in file Calcul.s
   Uses
      At line 27 in file Calcul.s
Comment: TabSin used once
3 symbols
344 symbols in table
